<?xml version="1.0" encoding="UTF-8"?>
<!-- Generated by org.testng.reporters.JUnitReportReporter -->
<testsuite skipped="0" hostname="akawalkar-lap-0269" name="com.inetBanking.testCases.TC_AddCustometTest_003" tests="1" failures="0" timestamp="2022-03-01T17:27:19 IST" time="49.115" errors="0">
  <testcase name="addNewCustomer" time="49.115" classname="com.inetBanking.testCases.TC_AddCustometTest_003"/>
  <system-out/>
</testsuite> <!-- com.inetBanking.testCases.TC_AddCustometTest_003 -->
