<?xml version="1.0" encoding="UTF-8"?>
<!-- Generated by org.testng.reporters.JUnitReportReporter -->
<testsuite skipped="0" hostname="akawalkar-lap-0269" name="com.inetBanking.testCases.TC_Login_DDT_002" tests="5" failures="0" timestamp="2022-08-01T22:29:39 IST" time="33.297" errors="0">
  <testcase name="loginDDT" time="6.011" classname="com.inetBanking.testCases.TC_Login_DDT_002"/>
  <system-out/>
  <testcase name="loginDDT" time="8.518" classname="com.inetBanking.testCases.TC_Login_DDT_002"/>
  <system-out/>
  <testcase name="loginDDT" time="7.124" classname="com.inetBanking.testCases.TC_Login_DDT_002"/>
  <system-out/>
  <testcase name="loginDDT" time="5.926" classname="com.inetBanking.testCases.TC_Login_DDT_002"/>
  <system-out/>
  <testcase name="loginDDT" time="5.718" classname="com.inetBanking.testCases.TC_Login_DDT_002"/>
  <system-out/>
</testsuite> <!-- com.inetBanking.testCases.TC_Login_DDT_002 -->
