<?xml version="1.0" encoding="UTF-8"?>
<!-- Generated by org.testng.reporters.JUnitReportReporter -->
<testsuite skipped="0" hostname="akawalkar-lap-0269" name="com.inetBanking.testCases.TC_Login_DDT_002" tests="5" failures="0" timestamp="2022-03-09T10:38:29 IST" time="39.706" errors="0">
  <testcase name="loginDDT" time="8.279" classname="com.inetBanking.testCases.TC_Login_DDT_002"/>
  <system-out/>
  <testcase name="loginDDT" time="7.709" classname="com.inetBanking.testCases.TC_Login_DDT_002"/>
  <system-out/>
  <testcase name="loginDDT" time="5.831" classname="com.inetBanking.testCases.TC_Login_DDT_002"/>
  <system-out/>
  <testcase name="loginDDT" time="11.436" classname="com.inetBanking.testCases.TC_Login_DDT_002"/>
  <system-out/>
  <testcase name="loginDDT" time="6.451" classname="com.inetBanking.testCases.TC_Login_DDT_002"/>
  <system-out/>
</testsuite> <!-- com.inetBanking.testCases.TC_Login_DDT_002 -->
