<?xml version="1.0" encoding="UTF-8"?>
<!-- Generated by org.testng.reporters.JUnitReportReporter -->
<testsuite skipped="0" hostname="akawalkar-lap-0269" name="com.inetBanking.testCases.TC_LoginTest_001" tests="1" failures="0" timestamp="2022-03-02T14:11:37 IST" time="6.288" errors="0">
  <testcase name="loginTest" time="6.288" classname="com.inetBanking.testCases.TC_LoginTest_001"/>
  <system-out/>
</testsuite> <!-- com.inetBanking.testCases.TC_LoginTest_001 -->
