<?xml version="1.0" encoding="UTF-8"?>
<!-- Generated by org.testng.reporters.JUnitReportReporter -->
<testsuite skipped="0" hostname="akawalkar-lap-0269" name="com.inetBanking.testCases.TC_Login_DDT_002" tests="5" failures="0" timestamp="2022-03-02T14:11:37 IST" time="34.336" errors="0">
  <testcase name="loginDDT" time="5.566" classname="com.inetBanking.testCases.TC_Login_DDT_002"/>
  <system-out/>
  <testcase name="loginDDT" time="10.160" classname="com.inetBanking.testCases.TC_Login_DDT_002"/>
  <system-out/>
  <testcase name="loginDDT" time="5.571" classname="com.inetBanking.testCases.TC_Login_DDT_002"/>
  <system-out/>
  <testcase name="loginDDT" time="6.267" classname="com.inetBanking.testCases.TC_Login_DDT_002"/>
  <system-out/>
  <testcase name="loginDDT" time="6.772" classname="com.inetBanking.testCases.TC_Login_DDT_002"/>
  <system-out/>
</testsuite> <!-- com.inetBanking.testCases.TC_Login_DDT_002 -->
